
*** Running vivado
    with args -log RSACore.vdi -applog -m64 -product Vivado -messageDb vivado.pb -mode batch -source RSACore.tcl -notrace


****** Vivado v2017.2 (64-bit)
  **** SW Build 1909853 on Thu Jun 15 18:39:09 MDT 2017
  **** IP Build 1909766 on Thu Jun 15 19:58:00 MDT 2017
    ** Copyright 1986-2017 Xilinx, Inc. All Rights Reserved.

source RSACore.tcl -notrace
Design is defaulting to srcset: sources_1
Design is defaulting to constrset: constrs_1
INFO: [Netlist 29-17] Analyzing 351 Unisim elements for replacement
INFO: [Netlist 29-28] Unisim Transformation completed in 0 CPU seconds
INFO: [Project 1-479] Netlist was created with Vivado 2017.2
INFO: [Device 21-403] Loading part xc7z020clg400-3
INFO: [Project 1-570] Preparing netlist for logic optimization
INFO: [Opt 31-138] Pushed 0 inverter(s) to 0 load pin(s).
INFO: [Project 1-111] Unisim Transformation Summary:
No Unisim elements were transformed.

link_design: Time (s): cpu = 00:00:07 ; elapsed = 00:00:07 . Memory (MB): peak = 552.680 ; gain = 283.680
Command: opt_design
Attempting to get a license for feature 'Implementation' and/or device 'xc7z020-clg400'
INFO: [Common 17-349] Got license for feature 'Implementation' and/or device 'xc7z020-clg400'
Running DRC as a precondition to command opt_design

Starting DRC Task
Command: report_drc (run_mandatory_drcs) for: opt_checks
INFO: [DRC 23-27] Running DRC with 2 threads
report_drc (run_mandatory_drcs) completed successfully
INFO: [Project 1-461] DRC finished with 0 Errors
INFO: [Project 1-462] Please refer to the DRC report (report_drc) for more information.

Time (s): cpu = 00:00:01 ; elapsed = 00:00:00.674 . Memory (MB): peak = 556.250 ; gain = 3.570
INFO: [Timing 38-35] Done setting XDC timing constraints.

Starting Logic Optimization Task

Phase 1 Retarget
INFO: [Opt 31-138] Pushed 0 inverter(s) to 0 load pin(s).
INFO: [Opt 31-49] Retargeted 0 cell(s).
Phase 1 Retarget | Checksum: 156cb003b

Time (s): cpu = 00:00:01 ; elapsed = 00:00:00.586 . Memory (MB): peak = 1061.992 ; gain = 0.000
INFO: [Opt 31-389] Phase Retarget created 0 cells and removed 122 cells

Phase 2 Constant propagation
INFO: [Opt 31-138] Pushed 0 inverter(s) to 0 load pin(s).
Phase 2 Constant propagation | Checksum: 156cb003b

Time (s): cpu = 00:00:01 ; elapsed = 00:00:00.738 . Memory (MB): peak = 1061.992 ; gain = 0.000
INFO: [Opt 31-389] Phase Constant propagation created 0 cells and removed 0 cells

Phase 3 Sweep
Phase 3 Sweep | Checksum: ca509adf

Time (s): cpu = 00:00:01 ; elapsed = 00:00:00.875 . Memory (MB): peak = 1061.992 ; gain = 0.000
INFO: [Opt 31-389] Phase Sweep created 0 cells and removed 0 cells

Phase 4 BUFG optimization
Phase 4 BUFG optimization | Checksum: ca509adf

Time (s): cpu = 00:00:01 ; elapsed = 00:00:00.982 . Memory (MB): peak = 1061.992 ; gain = 0.000
INFO: [Opt 31-389] Phase BUFG optimization created 0 cells and removed 0 cells

Phase 5 Shift Register Optimization
Phase 5 Shift Register Optimization | Checksum: ca509adf

Time (s): cpu = 00:00:01 ; elapsed = 00:00:00.988 . Memory (MB): peak = 1061.992 ; gain = 0.000
INFO: [Opt 31-389] Phase Shift Register Optimization created 0 cells and removed 0 cells

Starting Connectivity Check Task

Time (s): cpu = 00:00:00 ; elapsed = 00:00:00.011 . Memory (MB): peak = 1061.992 ; gain = 0.000
Ending Logic Optimization Task | Checksum: ca509adf

Time (s): cpu = 00:00:01 ; elapsed = 00:00:01 . Memory (MB): peak = 1061.992 ; gain = 0.000

Starting Power Optimization Task
INFO: [Pwropt 34-132] Skipping clock gating for clocks with a period < 2.00 ns.
Ending Power Optimization Task | Checksum: e4e566ef

Time (s): cpu = 00:00:00 ; elapsed = 00:00:00.075 . Memory (MB): peak = 1061.992 ; gain = 0.000
21 Infos, 0 Warnings, 0 Critical Warnings and 0 Errors encountered.
opt_design completed successfully
opt_design: Time (s): cpu = 00:00:14 ; elapsed = 00:00:16 . Memory (MB): peak = 1061.992 ; gain = 509.313
INFO: [Common 17-1381] The checkpoint 'D:/Documents/H2017/TFE4141 DDS1/Project/Vivfiles/RSA/project_1.runs/impl_1/RSACore_opt.dcp' has been generated.
Command: report_drc -file RSACore_drc_opted.rpt
INFO: [DRC 23-27] Running DRC with 2 threads
INFO: [Coretcl 2-168] The results of DRC are in file D:/Documents/H2017/TFE4141 DDS1/Project/Vivfiles/RSA/project_1.runs/impl_1/RSACore_drc_opted.rpt.
report_drc completed successfully
INFO: [Chipscope 16-241] No debug cores found in the current design.
Before running the implement_debug_core command, either use the Set Up Debug wizard (GUI mode)
or use the create_debug_core and connect_debug_core Tcl commands to insert debug cores into the design.
Command: place_design
Attempting to get a license for feature 'Implementation' and/or device 'xc7z020-clg400'
INFO: [Common 17-349] Got license for feature 'Implementation' and/or device 'xc7z020-clg400'
Command: report_drc (run_mandatory_drcs) for: incr_eco_checks
INFO: [DRC 23-27] Running DRC with 2 threads
report_drc (run_mandatory_drcs) completed successfully
INFO: [Vivado_Tcl 4-198] DRC finished with 0 Errors
INFO: [Vivado_Tcl 4-199] Please refer to the DRC report (report_drc) for more information.
Running DRC as a precondition to command place_design
Command: report_drc (run_mandatory_drcs) for: placer_checks
INFO: [DRC 23-27] Running DRC with 2 threads
report_drc (run_mandatory_drcs) completed successfully
INFO: [Vivado_Tcl 4-198] DRC finished with 0 Errors
INFO: [Vivado_Tcl 4-199] Please refer to the DRC report (report_drc) for more information.

Starting Placer Task
INFO: [Place 30-611] Multithreading enabled for place_design using a maximum of 2 CPUs

Phase 1 Placer Initialization

Phase 1.1 Placer Initialization Netlist Sorting
Netlist sorting complete. Time (s): cpu = 00:00:00 ; elapsed = 00:00:00.005 . Memory (MB): peak = 1061.992 ; gain = 0.000
Phase 1.1 Placer Initialization Netlist Sorting | Checksum: 5ff9bc31

Time (s): cpu = 00:00:00 ; elapsed = 00:00:00.097 . Memory (MB): peak = 1061.992 ; gain = 0.000
INFO: [Timing 38-35] Done setting XDC timing constraints.
INFO: [Opt 31-138] Pushed 0 inverter(s) to 0 load pin(s).
Netlist sorting complete. Time (s): cpu = 00:00:00 ; elapsed = 00:00:00.004 . Memory (MB): peak = 1061.992 ; gain = 0.000

Phase 1.2 IO Placement/ Clock Placement/ Build Placer Device
INFO: [Timing 38-35] Done setting XDC timing constraints.
Phase 1.2 IO Placement/ Clock Placement/ Build Placer Device | Checksum: 17d8a999d

Time (s): cpu = 00:00:03 ; elapsed = 00:00:02 . Memory (MB): peak = 1061.992 ; gain = 0.000

Phase 1.3 Build Placer Netlist Model
Phase 1.3 Build Placer Netlist Model | Checksum: 24c1bd334

Time (s): cpu = 00:00:03 ; elapsed = 00:00:03 . Memory (MB): peak = 1061.992 ; gain = 0.000

Phase 1.4 Constrain Clocks/Macros
Phase 1.4 Constrain Clocks/Macros | Checksum: 24c1bd334

Time (s): cpu = 00:00:03 ; elapsed = 00:00:03 . Memory (MB): peak = 1061.992 ; gain = 0.000
Phase 1 Placer Initialization | Checksum: 24c1bd334

Time (s): cpu = 00:00:03 ; elapsed = 00:00:03 . Memory (MB): peak = 1061.992 ; gain = 0.000

Phase 2 Global Placement
WARNING: [Place 46-30] place_design is not in timing mode. Skip physical synthesis in placer
Phase 2 Global Placement | Checksum: 19be5342d

Time (s): cpu = 00:00:05 ; elapsed = 00:00:04 . Memory (MB): peak = 1061.992 ; gain = 0.000

Phase 3 Detail Placement

Phase 3.1 Commit Multi Column Macros
Phase 3.1 Commit Multi Column Macros | Checksum: 19be5342d

Time (s): cpu = 00:00:05 ; elapsed = 00:00:04 . Memory (MB): peak = 1061.992 ; gain = 0.000

Phase 3.2 Commit Most Macros & LUTRAMs
Phase 3.2 Commit Most Macros & LUTRAMs | Checksum: 228e24e61

Time (s): cpu = 00:00:05 ; elapsed = 00:00:04 . Memory (MB): peak = 1061.992 ; gain = 0.000

Phase 3.3 Area Swap Optimization
Phase 3.3 Area Swap Optimization | Checksum: 2597ff108

Time (s): cpu = 00:00:06 ; elapsed = 00:00:05 . Memory (MB): peak = 1061.992 ; gain = 0.000

Phase 3.4 Pipeline Register Optimization
Phase 3.4 Pipeline Register Optimization | Checksum: 2597ff108

Time (s): cpu = 00:00:06 ; elapsed = 00:00:05 . Memory (MB): peak = 1061.992 ; gain = 0.000

Phase 3.5 Small Shape Detail Placement
Phase 3.5 Small Shape Detail Placement | Checksum: 2582aa9a8

Time (s): cpu = 00:00:07 ; elapsed = 00:00:06 . Memory (MB): peak = 1061.992 ; gain = 0.000

Phase 3.6 Re-assign LUT pins
Phase 3.6 Re-assign LUT pins | Checksum: 2582aa9a8

Time (s): cpu = 00:00:07 ; elapsed = 00:00:06 . Memory (MB): peak = 1061.992 ; gain = 0.000

Phase 3.7 Pipeline Register Optimization
Phase 3.7 Pipeline Register Optimization | Checksum: 2582aa9a8

Time (s): cpu = 00:00:07 ; elapsed = 00:00:06 . Memory (MB): peak = 1061.992 ; gain = 0.000
Phase 3 Detail Placement | Checksum: 2582aa9a8

Time (s): cpu = 00:00:07 ; elapsed = 00:00:06 . Memory (MB): peak = 1061.992 ; gain = 0.000

Phase 4 Post Placement Optimization and Clean-Up

Phase 4.1 Post Commit Optimization
Phase 4.1 Post Commit Optimization | Checksum: 2582aa9a8

Time (s): cpu = 00:00:07 ; elapsed = 00:00:06 . Memory (MB): peak = 1061.992 ; gain = 0.000

Phase 4.2 Post Placement Cleanup
Phase 4.2 Post Placement Cleanup | Checksum: 2582aa9a8

Time (s): cpu = 00:00:07 ; elapsed = 00:00:06 . Memory (MB): peak = 1061.992 ; gain = 0.000

Phase 4.3 Placer Reporting
Phase 4.3 Placer Reporting | Checksum: 2582aa9a8

Time (s): cpu = 00:00:07 ; elapsed = 00:00:06 . Memory (MB): peak = 1061.992 ; gain = 0.000

Phase 4.4 Final Placement Cleanup
Phase 4.4 Final Placement Cleanup | Checksum: 1cd2fecb0

Time (s): cpu = 00:00:07 ; elapsed = 00:00:06 . Memory (MB): peak = 1061.992 ; gain = 0.000
Phase 4 Post Placement Optimization and Clean-Up | Checksum: 1cd2fecb0

Time (s): cpu = 00:00:07 ; elapsed = 00:00:06 . Memory (MB): peak = 1061.992 ; gain = 0.000
Ending Placer Task | Checksum: 10cf76f83

Time (s): cpu = 00:00:07 ; elapsed = 00:00:06 . Memory (MB): peak = 1061.992 ; gain = 0.000
36 Infos, 1 Warnings, 0 Critical Warnings and 0 Errors encountered.
place_design completed successfully
place_design: Time (s): cpu = 00:00:08 ; elapsed = 00:00:07 . Memory (MB): peak = 1061.992 ; gain = 0.000
Writing placer database...
Writing XDEF routing.
Writing XDEF routing logical nets.
Writing XDEF routing special nets.
Write XDEF Complete: Time (s): cpu = 00:00:01 ; elapsed = 00:00:00.458 . Memory (MB): peak = 1061.992 ; gain = 0.000
INFO: [Common 17-1381] The checkpoint 'D:/Documents/H2017/TFE4141 DDS1/Project/Vivfiles/RSA/project_1.runs/impl_1/RSACore_placed.dcp' has been generated.
report_io: Time (s): cpu = 00:00:00 ; elapsed = 00:00:00.112 . Memory (MB): peak = 1061.992 ; gain = 0.000
report_utilization: Time (s): cpu = 00:00:00 ; elapsed = 00:00:00.061 . Memory (MB): peak = 1061.992 ; gain = 0.000
report_control_sets: Time (s): cpu = 00:00:00 ; elapsed = 00:00:00.016 . Memory (MB): peak = 1061.992 ; gain = 0.000
Command: route_design
Attempting to get a license for feature 'Implementation' and/or device 'xc7z020-clg400'
INFO: [Common 17-349] Got license for feature 'Implementation' and/or device 'xc7z020-clg400'
Running DRC as a precondition to command route_design
Command: report_drc (run_mandatory_drcs) for: router_checks
INFO: [DRC 23-27] Running DRC with 2 threads
report_drc (run_mandatory_drcs) completed successfully
INFO: [Vivado_Tcl 4-198] DRC finished with 0 Errors
INFO: [Vivado_Tcl 4-199] Please refer to the DRC report (report_drc) for more information.


Starting Routing Task
INFO: [Route 35-254] Multithreading enabled for route_design using a maximum of 2 CPUs
Checksum: PlaceDB: ffe4689c ConstDB: 0 ShapeSum: d1306e7 RouteDB: 0

Phase 1 Build RT Design
Phase 1 Build RT Design | Checksum: d99cc859

Time (s): cpu = 00:00:25 ; elapsed = 00:00:22 . Memory (MB): peak = 1196.918 ; gain = 134.926

Phase 2 Router Initialization
INFO: [Route 35-64] No timing constraints were detected. The router will operate in resource-optimization mode.

Phase 2.1 Fix Topology Constraints
Phase 2.1 Fix Topology Constraints | Checksum: d99cc859

Time (s): cpu = 00:00:25 ; elapsed = 00:00:22 . Memory (MB): peak = 1200.453 ; gain = 138.461

Phase 2.2 Pre Route Cleanup
Phase 2.2 Pre Route Cleanup | Checksum: d99cc859

Time (s): cpu = 00:00:25 ; elapsed = 00:00:22 . Memory (MB): peak = 1200.453 ; gain = 138.461
 Number of Nodes with overlaps = 0
Phase 2 Router Initialization | Checksum: f9652473

Time (s): cpu = 00:00:25 ; elapsed = 00:00:22 . Memory (MB): peak = 1224.668 ; gain = 162.676

Phase 3 Initial Routing
Phase 3 Initial Routing | Checksum: d33b013b

Time (s): cpu = 00:00:26 ; elapsed = 00:00:23 . Memory (MB): peak = 1224.668 ; gain = 162.676

Phase 4 Rip-up And Reroute

Phase 4.1 Global Iteration 0
 Number of Nodes with overlaps = 319
 Number of Nodes with overlaps = 5
 Number of Nodes with overlaps = 0
Phase 4.1 Global Iteration 0 | Checksum: f56d96d8

Time (s): cpu = 00:00:27 ; elapsed = 00:00:23 . Memory (MB): peak = 1224.668 ; gain = 162.676
Phase 4 Rip-up And Reroute | Checksum: f56d96d8

Time (s): cpu = 00:00:27 ; elapsed = 00:00:23 . Memory (MB): peak = 1224.668 ; gain = 162.676

Phase 5 Delay and Skew Optimization
Phase 5 Delay and Skew Optimization | Checksum: f56d96d8

Time (s): cpu = 00:00:27 ; elapsed = 00:00:23 . Memory (MB): peak = 1224.668 ; gain = 162.676

Phase 6 Post Hold Fix

Phase 6.1 Hold Fix Iter
Phase 6.1 Hold Fix Iter | Checksum: f56d96d8

Time (s): cpu = 00:00:27 ; elapsed = 00:00:23 . Memory (MB): peak = 1224.668 ; gain = 162.676
Phase 6 Post Hold Fix | Checksum: f56d96d8

Time (s): cpu = 00:00:27 ; elapsed = 00:00:23 . Memory (MB): peak = 1224.668 ; gain = 162.676

Phase 7 Route finalize

Router Utilization Summary
  Global Vertical Routing Utilization    = 0.945687 %
  Global Horizontal Routing Utilization  = 1.09652 %
  Routable Net Status*
  *Does not include unroutable nets such as driverless and loadless.
  Run report_route_status for detailed report.
  Number of Failed Nets               = 0
  Number of Unrouted Nets             = 0
  Number of Partially Routed Nets     = 0
  Number of Node Overlaps             = 0

Congestion Report
North Dir 1x1 Area, Max Cong = 55.8559%, No Congested Regions.
South Dir 1x1 Area, Max Cong = 47.7477%, No Congested Regions.
East Dir 1x1 Area, Max Cong = 50%, No Congested Regions.
West Dir 1x1 Area, Max Cong = 52.9412%, No Congested Regions.
Phase 7 Route finalize | Checksum: f56d96d8

Time (s): cpu = 00:00:27 ; elapsed = 00:00:23 . Memory (MB): peak = 1224.668 ; gain = 162.676

Phase 8 Verifying routed nets

 Verification completed successfully
Phase 8 Verifying routed nets | Checksum: f56d96d8

Time (s): cpu = 00:00:27 ; elapsed = 00:00:23 . Memory (MB): peak = 1224.668 ; gain = 162.676

Phase 9 Depositing Routes
Phase 9 Depositing Routes | Checksum: fc86fc7a

Time (s): cpu = 00:00:28 ; elapsed = 00:00:24 . Memory (MB): peak = 1224.668 ; gain = 162.676
INFO: [Route 35-16] Router Completed Successfully

Time (s): cpu = 00:00:28 ; elapsed = 00:00:24 . Memory (MB): peak = 1224.668 ; gain = 162.676

Routing Is Done.
44 Infos, 1 Warnings, 0 Critical Warnings and 0 Errors encountered.
route_design completed successfully
route_design: Time (s): cpu = 00:00:30 ; elapsed = 00:00:25 . Memory (MB): peak = 1224.668 ; gain = 162.676
Writing placer database...
Writing XDEF routing.
Writing XDEF routing logical nets.
Writing XDEF routing special nets.
Write XDEF Complete: Time (s): cpu = 00:00:01 ; elapsed = 00:00:00.483 . Memory (MB): peak = 1224.668 ; gain = 0.000
INFO: [Common 17-1381] The checkpoint 'D:/Documents/H2017/TFE4141 DDS1/Project/Vivfiles/RSA/project_1.runs/impl_1/RSACore_routed.dcp' has been generated.
Command: report_drc -file RSACore_drc_routed.rpt -pb RSACore_drc_routed.pb -rpx RSACore_drc_routed.rpx
INFO: [DRC 23-27] Running DRC with 2 threads
INFO: [Coretcl 2-168] The results of DRC are in file D:/Documents/H2017/TFE4141 DDS1/Project/Vivfiles/RSA/project_1.runs/impl_1/RSACore_drc_routed.rpt.
report_drc completed successfully
Command: report_methodology -file RSACore_methodology_drc_routed.rpt -rpx RSACore_methodology_drc_routed.rpx
INFO: [Timing 38-35] Done setting XDC timing constraints.
INFO: [DRC 23-133] Running Methodology with 2 threads
INFO: [Coretcl 2-1520] The results of Report Methodology are in file D:/Documents/H2017/TFE4141 DDS1/Project/Vivfiles/RSA/project_1.runs/impl_1/RSACore_methodology_drc_routed.rpt.
report_methodology completed successfully
Command: report_power -file RSACore_power_routed.rpt -pb RSACore_power_summary_routed.pb -rpx RSACore_power_routed.rpx
WARNING: [Power 33-232] No user defined clocks were found in the design!
Resolution: Please specify clocks using create_clock/create_generated_clock for sequential elements. For pure combinatorial circuits, please specify a virtual clock, otherwise the vectorless estimation might be inaccurate
INFO: [Timing 38-35] Done setting XDC timing constraints.
Running Vector-less Activity Propagation...

Finished Running Vector-less Activity Propagation
51 Infos, 2 Warnings, 0 Critical Warnings and 0 Errors encountered.
report_power completed successfully
INFO: [Timing 38-91] UpdateTimingParams: Speed grade: -3, Delay Type: min_max.
INFO: [Timing 38-191] Multithreading enabled for timing update using a maximum of 2 CPUs
WARNING: [Timing 38-313] There are no user specified timing constraints. Timing constraints are needed for proper timing analysis.
INFO: [Common 17-206] Exiting Vivado at Mon Nov 20 22:46:03 2017...
